-------------------------------------------------------------------------------
Test set: com.learnvest.qacodechallenge.service.error.ServiceErrorHandlerUnitTest
-------------------------------------------------------------------------------
Tests run: 1, Failures: 0, Errors: 1, Skipped: 0, Time elapsed: 0.837 sec <<< FAILURE! - in com.learnvest.qacodechallenge.service.error.ServiceErrorHandlerUnitTest
error(com.learnvest.qacodechallenge.service.error.ServiceErrorHandlerUnitTest)  Time elapsed: 0 sec  <<< ERROR!
java.lang.IllegalStateException: Failed to load ApplicationContext
Caused by: org.springframework.beans.factory.BeanCreationException: Error creating bean with name 'serviceErrorHandler': Injection of autowired dependencies failed; nested exception is org.springframework.beans.factory.BeanCreationException: Could not autowire field: private org.springframework.boot.autoconfigure.web.ErrorAttributes com.learnvest.qacodechallenge.service.error.ServiceErrorHandler.errorAttributes; nested exception is org.springframework.beans.factory.BeanCreationException: Error creating bean with name 'org.springframework.boot.autoconfigure.web.ErrorMvcAutoConfiguration': Injection of autowired dependencies failed; nested exception is org.springframework.beans.factory.BeanCreationException: Could not autowire field: private org.springframework.boot.autoconfigure.web.ServerProperties org.springframework.boot.autoconfigure.web.ErrorMvcAutoConfiguration.properties; nested exception is org.springframework.beans.factory.BeanCreationException: Error creating bean with name 'serverProperties' defined in class path resource [org/springframework/boot/autoconfigure/web/ServerPropertiesAutoConfiguration.class]: Initialization of bean failed; nested exception is java.lang.NoClassDefFoundError: javax/xml/bind/ValidationException
Caused by: org.springframework.beans.factory.BeanCreationException: Could not autowire field: private org.springframework.boot.autoconfigure.web.ErrorAttributes com.learnvest.qacodechallenge.service.error.ServiceErrorHandler.errorAttributes; nested exception is org.springframework.beans.factory.BeanCreationException: Error creating bean with name 'org.springframework.boot.autoconfigure.web.ErrorMvcAutoConfiguration': Injection of autowired dependencies failed; nested exception is org.springframework.beans.factory.BeanCreationException: Could not autowire field: private org.springframework.boot.autoconfigure.web.ServerProperties org.springframework.boot.autoconfigure.web.ErrorMvcAutoConfiguration.properties; nested exception is org.springframework.beans.factory.BeanCreationException: Error creating bean with name 'serverProperties' defined in class path resource [org/springframework/boot/autoconfigure/web/ServerPropertiesAutoConfiguration.class]: Initialization of bean failed; nested exception is java.lang.NoClassDefFoundError: javax/xml/bind/ValidationException
Caused by: org.springframework.beans.factory.BeanCreationException: Error creating bean with name 'org.springframework.boot.autoconfigure.web.ErrorMvcAutoConfiguration': Injection of autowired dependencies failed; nested exception is org.springframework.beans.factory.BeanCreationException: Could not autowire field: private org.springframework.boot.autoconfigure.web.ServerProperties org.springframework.boot.autoconfigure.web.ErrorMvcAutoConfiguration.properties; nested exception is org.springframework.beans.factory.BeanCreationException: Error creating bean with name 'serverProperties' defined in class path resource [org/springframework/boot/autoconfigure/web/ServerPropertiesAutoConfiguration.class]: Initialization of bean failed; nested exception is java.lang.NoClassDefFoundError: javax/xml/bind/ValidationException
Caused by: org.springframework.beans.factory.BeanCreationException: Could not autowire field: private org.springframework.boot.autoconfigure.web.ServerProperties org.springframework.boot.autoconfigure.web.ErrorMvcAutoConfiguration.properties; nested exception is org.springframework.beans.factory.BeanCreationException: Error creating bean with name 'serverProperties' defined in class path resource [org/springframework/boot/autoconfigure/web/ServerPropertiesAutoConfiguration.class]: Initialization of bean failed; nested exception is java.lang.NoClassDefFoundError: javax/xml/bind/ValidationException
Caused by: org.springframework.beans.factory.BeanCreationException: Error creating bean with name 'serverProperties' defined in class path resource [org/springframework/boot/autoconfigure/web/ServerPropertiesAutoConfiguration.class]: Initialization of bean failed; nested exception is java.lang.NoClassDefFoundError: javax/xml/bind/ValidationException
Caused by: java.lang.NoClassDefFoundError: javax/xml/bind/ValidationException
Caused by: java.lang.ClassNotFoundException: javax.xml.bind.ValidationException

